::1 - GET /disease/all-disease HTTP/1.1 200 703 - 53.492 ms
::1 - GET /disease/all-disease HTTP/1.1 200 703 - 32.880 ms
::1 - GET /disease/all-disease HTTP/1.1 200 703 - 1374.313 ms
::1 - GET /disease/all-disease HTTP/1.1 200 703 - 44.988 ms
::1 - GET /disease/all-disease HTTP/1.1 - - - - ms
::1 - GET /disease/all-disease HTTP/1.1 200 703 - 1838.998 ms
::1 - GET / HTTP/1.1 404 139 - 11.504 ms
::1 - GET /disease/all-disease HTTP/1.1 200 703 - 52.783 ms
::1 - GET /disease/all-disease HTTP/1.1 200 703 - 25.620 ms
::1 - GET /locale//findByCountry?findByCountry=Lebanon&findByCountry=Australia HTTP/1.1 200 703 - 49.301 ms
::1 - GET /locale//findByCountry?findByCountry=Lebanon HTTP/1.1 200 361 - 31.119 ms
::1 - GET /disease/diseasename HTTP/1.1 200 343 - 26.570 ms
::1 - GET /disease/diseasename?diseasename=small%20pox HTTP/1.1 200 2 - 22.517 ms
::1 - GET /disease/diseasename?diseasename=covid HTTP/1.1 200 2 - 12.240 ms
::1 - GET /disease/diseasename?diseasename=covid-19 HTTP/1.1 200 2 - 19.154 ms
::1 - GET /disease/diseasename?diseasename=COVID HTTP/1.1 200 361 - 20.888 ms
::1 - POST /diseaseNode/addEntry HTTP/1.1 200 394 - 3378.121 ms
::1 - GET /diseaseNode/addEntry HTTP/1.1 404 159 - 6.723 ms
::1 - GET /diseaseNode HTTP/1.1 500 2405 - 8.127 ms
::1 - GET /diseaseNode/ HTTP/1.1 500 2405 - 2.156 ms
::1 - GET /diseaseNode/?1=1&2=2&3=3 HTTP/1.1 500 2405 - 3.056 ms
::1 - GET /diseaseNode?1=1&2=2&3=3 HTTP/1.1 500 2405 - 2.763 ms
::1 - GET /diseaseNode/find HTTP/1.1 500 2405 - 6.194 ms
::1 - GET /diseaseNode/find?disease=yes HTTP/1.1 200 26 - 6.688 ms
::1 - GET /diseaseNode/find?disease=yes HTTP/1.1 500 2405 - 4.963 ms
::1 - GET /diseaseNode/find?disease=yes HTTP/1.1 200 3 - 5.959 ms
::1 - GET /diseaseNode/find?disease=yes&country&city HTTP/1.1 200 7 - 5.824 ms
::1 - GET /diseaseNode/find?disease=yes&country&city HTTP/1.1 200 6 - 5.489 ms
::1 - GET /diseaseNode/find?disease=yes&country&city=please HTTP/1.1 200 6 - 5.754 ms
::1 - GET /diseaseNode/find?disease=yes&country&city=please HTTP/1.1 200 6 - 3.057 ms
::1 - GET /diseaseNode/find?disease=yes&country&city=please HTTP/1.1 200 12 - 6.470 ms
::1 - GET /diseaseNode/find?disease=yes&country&city=please HTTP/1.1 200 10 - 6.072 ms
::1 - GET /diseaseNode/find?disease=yes&country&city=please HTTP/1.1 200 9 - 4.945 ms
::1 - GET /diseaseNode/find?disease=yes&country&city=please HTTP/1.1 200 2 - 4176.878 ms
::1 - GET /diseaseNode/find?disease=Covid-19&country&city=please HTTP/1.1 200 396 - 33.112 ms
::1 - GET /diseaseNode/find?disease=Covid-19&country=Australia&city=please HTTP/1.1 200 396 - 5202.451 ms
::1 - GET /diseaseNode/find?disease=&country=Australia&city=please HTTP/1.1 200 2 - 13.988 ms
::1 - POST /diseaseNode/addEntry HTTP/1.1 200 388 - 4520.491 ms
::1 - GET /diseaseNode/find?disease=Covid-19&country=&city= HTTP/1.1 200 2 - 27.654 ms
::1 - GET /diseaseNode/find?disease=Covid-19 HTTP/1.1 200 2 - 31.217 ms
::1 - POST /diseaseNode/addEntry HTTP/1.1 200 1175 - 7722.546 ms
::1 - GET /diseaseNode/find?headline=yes HTTP/1.1 200 18 - 6.008 ms
::1 - GET /diseaseNode/find HTTP/1.1 200 2 - 3.195 ms
::1 - GET /diseaseNode/find?headline= HTTP/1.1 200 2 - 4.056 ms
::1 - GET /diseaseNode/find?headline=somehead&timeStart=123&timeEnd=123&location=sydney HTTP/1.1 200 55 - 4.985 ms
::1 - GET /diseaseNode/find?disease=somehead&timeStart=123&timeEnd=123&location=sydney HTTP/1.1 200 76 - 4.124 ms
::1 - GET /diseaseNode/find?disease=somehead&startDate=123&endDate=123&location=sydney HTTP/1.1 200 42 - 4.473 ms
::1 - GET /diseaseNode/find?disease=somehead&startDate=123&endDate=&location=sydney HTTP/1.1 200 42 - 3.727 ms
::1 - GET /diseaseNode/find?disease=somehead&startDate=123&endDate=&location=sydney HTTP/1.1 200 42 - 2.078 ms
::1 - GET /diseaseNode/find?disease=somehead&startDate=123&endDate=&location=sydney HTTP/1.1 200 42 - 0.401 ms
::1 - GET /diseaseNode/find?disease=somehead&startDate=123&endDate=&location=sydney HTTP/1.1 200 42 - 0.434 ms
::1 - GET /diseaseNode/find?disease=somehead&startDate=123&endDate=123&location=sydney HTTP/1.1 200 42 - 0.446 ms
::1 - GET /diseaseNode/find?disease=somehead&startDate=123&endDate=123&location=sydney HTTP/1.1 200 76 - 5.942 ms
::1 - GET /diseaseNode/find?disease=somehead&startDate=&endDate=123&location=sydney HTTP/1.1 400 65 - 3.800 ms
::1 - GET /diseaseNode/find?disease=somehead&startDate=&endDate=123&location=sydney HTTP/1.1 400 82 - 5.164 ms
::1 - GET /diseaseNode/find?disease=somehead&startDate=123&endDate=123&location=sydney HTTP/1.1 200 133 - 5.758 ms
::1 - GET /diseaseNode/find?disease=somehead&startDate=1/10/2000&endDate=2/10/2000&location=sydney HTTP/1.1 200 133 - 8.022 ms
::1 - GET /diseaseNode/find?disease=somehead&startDate=1/10/2000&endDate=2/10/2000&location=sydney HTTP/1.1 - - - - ms
::1 - GET /diseaseNode/find?disease=somehead&startDate=1/10/2000&endDate=2/10/2000&location=sydney HTTP/1.1 - - - - ms
::1 - GET /diseaseNode/find?startDate=1/10/2000&endDate=2/10/2000 HTTP/1.1 - - - - ms
::1 - GET /diseaseNode/find?startDate=1/10/2000&endDate=2/10/2000 HTTP/1.1 - - - - ms
::1 - GET /diseaseNode/find?startDate=1/10/2000&endDate=2/10/2000 HTTP/1.1 500 301 - 11.126 ms
::1 - GET /diseaseNode/find?startDate=1/10/2000&endDate=2/10/2000 HTTP/1.1 500 301 - 9.823 ms
::1 - GET /diseaseNode/find?startDate=1/10/2000&endDate=2/10/2000 HTTP/1.1 200 30 - 7880.793 ms
::1 - GET /diseaseNode/find?startDate=2019-01-17&endDate=2021-01-17 HTTP/1.1 200 1205 - 36.627 ms
::1 - GET /diseaseNode/find?startDate=2019-01-17&endDate=2021-01-17 HTTP/1.1 200 1205 - 36.716 ms
::1 - GET /diseaseNode/find?disease=2019-nCoV HTTP/1.1 500 73 - 2.076 ms
::1 - GET /diseaseNode/find?disease=2019-nCoV HTTP/1.1 500 73 - 6.299 ms
::1 - GET /diseaseNode/find?disease=2019-nCoV HTTP/1.1 500 74 - 6.321 ms
::1 - GET /diseaseNode/find?disease=2019-nCoV HTTP/1.1 500 74 - 5.981 ms
::1 - GET /diseaseNode/find?disease=2019-nCoV HTTP/1.1 500 74 - 5.023 ms
::1 - GET /diseaseNode/find?disease=2019-nCoV HTTP/1.1 500 74 - 5.928 ms
::1 - GET /diseaseNode/find?disease=2019-nCoV HTTP/1.1 500 74 - 6.599 ms
::1 - GET /diseaseNode/find?disease=2019-nCoV HTTP/1.1 500 74 - 3.512 ms
::1 - GET /diseaseNode/find?disease=2019-nCoV HTTP/1.1 500 31 - 7.024 ms
::1 - GET /diseaseNode/find?disease=2019-nCoV HTTP/1.1 500 74 - 11.548 ms
::1 - GET /diseaseNode/find?disease=2019-nCoV HTTP/1.1 500 74 - 10.976 ms
::1 - GET /diseaseNode/find?disease=2019-nCoV HTTP/1.1 500 74 - 11.125 ms
::1 - GET /diseaseNode/find?disease=2019-nCoV HTTP/1.1 500 74 - 9.197 ms
::1 - GET /diseaseNode/find?disease=2019-nCoV HTTP/1.1 200 36 - 5.607 ms
::1 - GET /diseaseNode/find?disease=2019-nCoV HTTP/1.1 500 96 - 10029.732 ms
::1 - GET /diseaseNode/find?disease=2019-nCoV HTTP/1.1 200 30 - 24.825 ms
::1 - GET /diseaseNode/find?disease=2019-nCoV HTTP/1.1 200 30 - 13.600 ms
::1 - GET /diseaseNode/find?disease=2019-nCoV HTTP/1.1 200 36 - 5.462 ms
::1 - GET /diseaseNode/find?disease=2019-nCoV HTTP/1.1 500 74 - 9.930 ms
::1 - GET /diseaseNode/find?disease=2019-nCoV HTTP/1.1 200 36 - 5.349 ms
::1 - GET /diseaseNode/find?disease=2019-nCoV HTTP/1.1 200 36 - 4.188 ms
::1 - GET /diseaseNode/find?disease=2019-nCoV HTTP/1.1 200 37 - 5.055 ms
::1 - GET /diseaseNode/find?disease=2019-nCoV HTTP/1.1 200 36 - 5.443 ms
::1 - GET /diseaseNode/find?disease=2019-nCoV HTTP/1.1 - - - - ms
::1 - GET /diseaseNode/find?disease=2019-nCoV HTTP/1.1 200 30 - 15.474 ms
::1 - GET /diseaseNode/find?disease=2019-nCoV HTTP/1.1 200 30 - 17.810 ms
::1 - GET /diseaseNode/find?disease=2019-nCoV HTTP/1.1 200 30 - 7431.889 ms
::1 - GET /diseaseNode/find?disease=2019-nCoV HTTP/1.1 200 30 - 7688.427 ms
::1 - GET /diseaseNode/find?disease=2019-nCoV HTTP/1.1 500 63 - 10.572 ms
::1 - GET /diseaseNode/find?disease=2019-nCoV HTTP/1.1 200 30 - 9500.420 ms
::1 - POST /diseaseNode/addEntry HTTP/1.1 200 1169 - 44.328 ms
::1 - GET /diseaseNode/find?disease=yes HTTP/1.1 200 30 - 24.528 ms
::1 - POST /diseaseNode/addEntry HTTP/1.1 - - - - ms
::1 - GET /diseaseNode/find?disease=yes HTTP/1.1 200 30 - 1914.548 ms
::1 - GET /diseaseNode/find?disease=yes HTTP/1.1 200 30 - 12.977 ms
::1 - GET /diseaseNode/find?disease=yes HTTP/1.1 200 30 - 8258.297 ms
::1 - GET /diseaseNode/find?disease=yes HTTP/1.1 200 30 - 4173.313 ms
::1 - GET /diseaseNode/find?disease=yes HTTP/1.1 500 63 - 14.865 ms
::1 - GET /diseaseNode/find?disease=yes HTTP/1.1 500 67 - 9.369 ms
::1 - GET /diseaseNode/find?disease=yes HTTP/1.1 200 30 - 7090.630 ms
::1 - GET /diseaseNode/find?disease=yes HTTP/1.1 200 2369 - 36.265 ms
::1 - GET /diseaseNode/find?disease=yes&startDate=2019-01-17&endDate=2021-01-17 HTTP/1.1 200 2369 - 24.303 ms
::1 - GET /diseaseNode/find?startDate=2019-01-17&endDate=2021-01-17 HTTP/1.1 200 3545 - 20.440 ms
::1 - GET /diseaseNode/find?disease=yes&startDate=2019-01-17&endDate=2021-01-17 HTTP/1.1 200 117 - 7.045 ms
::1 - GET /diseaseNode/find?disease=yes&startDate=2019-01-17&endDate=2021-01-17&location=China HTTP/1.1 200 3545 - 36.280 ms
::1 - GET /diseaseNode/find?disease=yes&startDate=2019-01-17&endDate=2021-01-17&location=China HTTP/1.1 200 37 - 9.663 ms
::1 - GET /diseaseNode/find?disease=yes&startDate=2019-01-17&endDate=2021-01-17&location=China HTTP/1.1 200 30 - 10.351 ms
::1 - GET /diseaseNode/find?disease=yes&startDate=2019-01-17&endDate=2021-01-17&location=China HTTP/1.1 200 30 - 8.935 ms
::1 - GET /diseaseNode/find?disease=yes HTTP/1.1 200 30 - 3.837 ms
::1 - GET /diseaseNode/find?disease=yes HTTP/1.1 - - - - ms
::1 - GET /diseaseNode/find?disease=yes HTTP/1.1 200 2369 - 3067.351 ms
::1 - GET /diseaseNode/find?disease=yes&projection=url%20headline HTTP/1.1 200 50 - 4.612 ms
::1 - GET /diseaseNode/find?disease=yes&projection=url%20headline HTTP/1.1 500 91 - 12.261 ms
::1 - GET /diseaseNode/find?disease=yes&projection=url%20headline HTTP/1.1 200 50 - 9.712 ms
::1 - GET /diseaseNode/find?disease=yes&projection=url%20headline HTTP/1.1 - - - - ms
::1 - GET /diseaseNode/find?disease=yes&projection=url%20headline HTTP/1.1 200 381 - 4724.756 ms
::1 - GET /diseaseNode/find?disease=yes&projection= HTTP/1.1 200 2369 - 25.521 ms
::1 - GET /diseaseNode/find?disease=yes&projection= HTTP/1.1 200 2369 - 21.455 ms
::1 - GET /diseaseNode/find?disease=yes&projection=url%20headline HTTP/1.1 200 381 - 30.143 ms
::1 - GET /diseaseNode/find?disease=yes&projection=diseases HTTP/1.1 200 99 - 28.402 ms
::1 - GET /diseaseNode/find?disease=yes&projection=city HTTP/1.1 200 99 - 16.560 ms
::1 - GET /diseaseNode/find?disease=yes&projection=url HTTP/1.1 200 277 - 11.606 ms
::1 - GET /diseaseNode/find?disease=yes&projection=reports HTTP/1.1 200 569 - 23.897 ms
::1 - GET /diseaseNode/find?disease=yes&projection=reports.diseases HTTP/1.1 200 165 - 14.987 ms
::1 - GET /diseaseNode/find?disease=yes&projection=reports.diseases HTTP/1.1 200 165 - 28.971 ms
::1 - GET /diseaseNode/find?disease=yes&projection=reports.diseases HTTP/1.1 200 165 - 30.929 ms
::1 - GET /diseaseNode/find?disease=yes&projection=reports.diseases HTTP/1.1 200 165 - 29.253 ms
::1 - GET /diseaseNode/find?disease=yes HTTP/1.1 200 3545 - 32.334 ms
::1 - GET /diseaseNode/find?location=China HTTP/1.1 500 64 - 9.451 ms
::1 - GET /diseaseNode/find?location=China HTTP/1.1 - - - - ms
::1 - GET /diseaseNode/find?location=China HTTP/1.1 200 3545 - 4906.221 ms
::1 - GET /diseaseNode/find?location=Wuhan,%20Hubei%20Province HTTP/1.1 200 3545 - 17.697 ms
::1 - GET /diseaseNode/find?disease=yes&location=Wuhan,%20Hubei%20Province HTTP/1.1 200 3545 - 17.561 ms
::1 - GET /diseaseNode/find?disease=yes&location=Wuhan,%20Hubei%20Province&projection=reports.diseases HTTP/1.1 200 239 - 14.350 ms
::1 - GET /diseaseNode/find?disease=2019-nCoV&location=Wuhan,%20Hubei%20Province&projection=reports.diseases HTTP/1.1 200 239 - 24.129 ms
::1 - GET /diseaseNode/find?disease=2019-nCoV&location=Wuhan,%20Hubei%20Province HTTP/1.1 200 3545 - 16.337 ms
::1 - GET /diseaseNode/find?disease=2019-nCoV&location=Wuhan,%20Hubei%20Province&projection=reports.diseases%20reports.location HTTP/1.1 200 239 - 14.294 ms
::1 - GET /diseaseNode/find?disease=2019-nCoV&location=Wuhan,%20Hubei%20Province&projection=reports.diseases%20reports.location HTTP/1.1 200 239 - 598.009 ms
::1 - GET /diseaseNode/find?disease=2019-nCoV&location=Wuhan,%20Hubei%20Province&projection=reports.diseases%20reports.location HTTP/1.1 200 103 - 18.106 ms
::1 - GET /diseaseNode/find?disease=yes&location=Wuhan,%20Hubei%20Province&projection=reports.diseases%20reports.location HTTP/1.1 200 103 - 12.937 ms
::1 - GET /diseaseNode/find?disease=yes&location=Wuhan,%20Hubei%20Province&projection=reports.diseases%20reports.location HTTP/1.1 200 103 - 10.703 ms
::1 - GET /diseaseNode/find?disease=yes&projection=reports.diseases%20reports.location HTTP/1.1 200 30 - 11.182 ms
::1 - GET /diseaseNode/find?disease=yes&location=Wuhan,%20Hubei%20Province&projection=reports.diseases%20reports.location HTTP/1.1 200 103 - 11.036 ms
::1 - GET /diseaseNode/find?disease=yes&location=Wuhan,%20Hubei%20Province HTTP/1.1 200 1205 - 14.668 ms
::1 - GET /diseaseNode/find?disease=yes&startDate=2019-01-17&endDate=2021-01-17&location=Wuhan,%20Hubei%20Province HTTP/1.1 200 1205 - 10.638 ms
::1 - GET /diseaseNode/find?startDate=2019-01-17&endDate=2021-01-17&location=Wuhan,%20Hubei%20Province HTTP/1.1 200 1205 - 12.756 ms
::1 - GET /diseaseNode/find?startDate=2019-01-17&endDate=2021-01-17 HTTP/1.1 200 1205 - 11.594 ms
::1 - GET /diseaseNode/find?startDate=2019-01-17&endDate=2021-01-17&location=sydney HTTP/1.1 200 30 - 9.899 ms
::1 - GET /diseaseNode/find?startDate=2019-01-17&endDate=2021-01-17 HTTP/1.1 200 1205 - 11.801 ms
::1 - GET /diseaseNode/find?startDate=2019-01-17&endDate=2021-01-17&location=China HTTP/1.1 200 1205 - 13.101 ms
::1 - GET /diseaseNode/find?disease=yes&startDate=2019-01-17&endDate=2021-01-17&location=China HTTP/1.1 200 1205 - 14.245 ms
::1 - GET /diseaseNode/find?disease=yes&startDate=2019-01-17&endDate=2021-01-17&location=China HTTP/1.1 200 177 - 7.624 ms
::1 - GET /diseaseNode/find?disease=yes&startDate=2019-01-17&endDate=2021-01-17&location=China HTTP/1.1 200 177 - 7.472 ms
::1 - GET /diseaseNode/find?disease=yes&startDate=2019-01-17&endDate=2021-01-17&location=China HTTP/1.1 200 177 - 6.835 ms
::1 - GET /diseaseNode/find?disease=yes&startDate=2019-01-17&endDate=2021-01-17&location=China HTTP/1.1 200 177 - 3.549 ms
::1 - GET /diseaseNode/find?disease=yes&startDate=2019-01-17&endDate=2021-01-17&location=China HTTP/1.1 200 177 - 7.659 ms
::1 - GET /diseaseNode/find?disease=yes&startDate=2019-01-17&endDate=2021-01-17&location=China HTTP/1.1 200 177 - 7.261 ms
::1 - GET /diseaseNode/find?disease=yes&startDate=2019-01-17&endDate=2021-01-17&location=China HTTP/1.1 200 177 - 7.201 ms
::1 - GET /diseaseNode/find?disease=yes HTTP/1.1 200 26 - 3.063 ms
::1 - GET /diseaseNode/find?disease=yes&location=China HTTP/1.1 200 86 - 2.832 ms
::1 - GET /diseaseNode/find?disease=yes&location=China HTTP/1.1 200 86 - 5.370 ms
::1 - GET /diseaseNode/find?disease=yes&startDate=2019-01-17&endDate=2021-01-17&location=China HTTP/1.1 200 177 - 3.069 ms
::1 - GET /diseaseNode/find?disease=yes&startDate=2019-01-17&endDate=2021-01-17&location=China HTTP/1.1 200 177 - 11.112 ms
::1 - GET /diseaseNode/find?disease=yes&startDate=2019-01-17&endDate=2021-01-17&location=China HTTP/1.1 200 177 - 11.385 ms
::1 - GET /diseaseNode/find?disease=yes&startDate=2019-01-17&endDate=2021-01-17&location=China HTTP/1.1 200 177 - 10.513 ms
::1 - GET /diseaseNode/find?disease=yes HTTP/1.1 200 26 - 3.789 ms
::1 - GET /diseaseNode/find?disease=yes HTTP/1.1 200 26 - 5.355 ms
::1 - GET /diseaseNode/find?disease=yes HTTP/1.1 - - - - ms
::1 - GET /diseaseNode/find?disease=yes HTTP/1.1 200 30 - 5834.706 ms
::1 - GET /diseaseNode/find?disease=2019-nCoV HTTP/1.1 200 1205 - 29.368 ms
::1 - GET /diseaseNode/find?disease=2019-nCoV&startDate=2019-01-17&endDate=2021-01-17&location=China HTTP/1.1 200 177 - 10.452 ms
::1 - GET /diseaseNode/find?disease=2019-nCoV&startDate=2019-01-17&endDate=2021-01-17&location=China HTTP/1.1 200 195 - 9.173 ms
::1 - GET /diseaseNode/find?disease=2019-nCoV&startDate=2019-01-17&endDate=2021-01-17&location=China HTTP/1.1 200 177 - 11.885 ms
::1 - GET /diseaseNode/find?disease=2019-nCoV&startDate=2019-01-17&endDate=2021-01-17&location=China&projection=reports.diseases%20reports.location HTTP/1.1 200 177 - 8.210 ms
::1 - GET /diseaseNode/find?disease=2019-nCoV&startDate=2019-01-17&endDate=2021-01-17&location=China&projection=reports.diseases%20reports.location HTTP/1.1 200 103 - 8022.236 ms
::1 - GET /diseaseNode/find?disease=2019-nCoV&startDate=2019-01-17&endDate=2021-01-17&location=China HTTP/1.1 200 1205 - 27.247 ms
::1 - GET /diseaseNode/find?disease=2019-nCoV HTTP/1.1 200 1205 - 20.459 ms
::1 - GET /diseaseNode/find?location=China HTTP/1.1 200 1205 - 13.074 ms
::1 - GET /diseaseNode/find?startDate=2021-01-17&endDate=2019-01-17 HTTP/1.1 200 30 - 13.171 ms
::1 - GET /diseaseNode/find?startDate=2021-01-17 HTTP/1.1 200 1205 - 11.660 ms
::1 - GET /diseaseNode/find?startDate=2019-01-17&endDate=2021-01-17 HTTP/1.1 200 1205 - 24.774 ms
::1 - GET /diseaseNode/find?startDate=&endDate=2021-01-17 HTTP/1.1 400 82 - 0.608 ms
::1 - GET /diseaseNode/find?startDate=&endDate=2021-01-17 HTTP/1.1 400 82 - 7.157 ms
::1 - GET /diseaseNode/find?endDate=2021-01-17 HTTP/1.1 200 2 - 3.333 ms
::1 - GET /diseaseNode/find?disease=2019-nCoV HTTP/1.1 200 32 - 4.554 ms
::1 - GET /diseaseNode/find?disease=2019-nCoV&location=China HTTP/1.1 200 86 - 4.026 ms
::1 - GET /diseaseNode/find?disease=2019-nCoV&location=China HTTP/1.1 200 32 - 10.821 ms
::1 - GET /diseaseNode/find?disease=2019-nCoV&location=China HTTP/1.1 200 32 - 5.083 ms
::1 - GET /diseaseNode/find?disease=2019-nCoV&location=China HTTP/1.1 200 117 - 10.651 ms
::1 - GET /diseaseNode/find?disease=2019-nCoV&startDate=2019-01-17&endDate=2021-01-17&location=China HTTP/1.1 200 208 - 4.506 ms
::1 - GET /diseaseNode/find?disease=2019-nCoV&startDate=2019-01-17&endDate=2021-01-17&location=China HTTP/1.1 200 208 - 10.406 ms
::1 - GET /diseaseNode/find?disease=2019-nCoV&startDate=2019-01-17&endDate=2021-01-17&location=China HTTP/1.1 200 208 - 10.136 ms
::1 - GET /diseaseNode/find?disease=2019-nCoV&startDate=2019-01-17&endDate=2021-01-17&location=China HTTP/1.1 200 208 - 3.335 ms
::1 - GET /diseaseNode/find?disease=2019-nCoV&endDate=2021-01-17&location=China HTTP/1.1 200 117 - 5.776 ms
::1 - GET /diseaseNode/find?disease=2019-nCoV&startDate=&endDate=2021-01-17&location=China HTTP/1.1 400 82 - 3.491 ms
::1 - GET /diseaseNode/find?disease=2019-nCoV&startDate=&endDate=2021-01-17&location=China HTTP/1.1 500 64 - 9.954 ms
::1 - GET /diseaseNode/find?disease=2019-nCoV&startDate=&endDate=2021-01-17&location=China HTTP/1.1 500 49 - 9.103 ms
::1 - GET /diseaseNode/find?disease=2019-nCoV&startDate=&endDate=2021-01-17&location=China HTTP/1.1 500 73 - 10.293 ms
::1 - GET /diseaseNode/find?disease=2019-nCoV&startDate=&endDate=2021-01-17&location=China HTTP/1.1 500 82 - 9.070 ms
::1 - GET /diseaseNode/find?disease=2019-nCoV&startDate=&endDate=2021-01-17&location=China HTTP/1.1 500 119 - 7.684 ms
::1 - GET /diseaseNode/find?disease=2019-nCoV&endDate=2021-01-17&location=China HTTP/1.1 500 119 - 3.117 ms
::1 - GET /diseaseNode/find?disease=2019-nCoV&endDate=2021-01-17&location=China HTTP/1.1 500 119 - 2.899 ms
::1 - GET /diseaseNode/find?disease=2019-nCoV&startDate=&endDate=2021-01-17&location=China HTTP/1.1 500 119 - 1.017 ms
::1 - GET /diseaseNode/find?disease=2019-nCoV&startDate=&endDate=&location=China HTTP/1.1 200 117 - 0.869 ms
::1 - GET /diseaseNode/find?disease=2019-nCoV&startDate=&endDate=&location=China HTTP/1.1 200 164 - 6.826 ms
::1 - GET /diseaseNode/find?disease=2019-nCoV&startDate=123&endDate=123&location=China HTTP/1.1 200 208 - 4.324 ms
::1 - GET /diseaseNode/find?disease=2019-nCoV&startDate=&endDate=&location=China HTTP/1.1 200 164 - 0.759 ms
::1 - GET /diseaseNode/find?disease=2019-nCoV&startDate=&endDate=&location=China HTTP/1.1 500 119 - 5.300 ms
::1 - GET /diseaseNode/find?disease=2019-nCoV&startDate=12&endDate=12&location=China HTTP/1.1 200 208 - 3.333 ms
::1 - GET /diseaseNode/find?disease=2019-nCoV&startDate=12&endDate=12&location=China HTTP/1.1 - - - - ms
::1 - GET /diseaseNode/find?disease=2019-nCoV&startDate=&endDate=&location=China HTTP/1.1 400 119 - 4.845 ms
::1 - GET /diseaseNode/find?disease=2019-nCoV&location=China HTTP/1.1 500 135 - 6.818 ms
::1 - GET /diseaseNode/find?disease=2019-nCoV&location=China HTTP/1.1 500 135 - 9.068 ms
::1 - GET /diseaseNode/find?disease=2019-nCoV&location=China HTTP/1.1 200 164 - 6.320 ms
::1 - GET /diseaseNode/find?disease=2019-nCoV&location=China HTTP/1.1 200 117 - 6.197 ms
::1 - GET /diseaseNode/find?disease=2019-nCoV&startDate=&location=China HTTP/1.1 200 117 - 2.678 ms
::1 - GET /diseaseNode/find?disease=2019-nCoV&location=China HTTP/1.1 200 117 - 5.854 ms
::1 - GET /diseaseNode/find?disease=2019-nCoV&startDate=&location=China HTTP/1.1 200 117 - 2.731 ms
::1 - GET /diseaseNode/find?disease=2019-nCoV&startDate=&location=China HTTP/1.1 200 117 - 6.258 ms
::1 - GET /diseaseNode/find?disease=2019-nCoV&location=China HTTP/1.1 200 117 - 3.114 ms
::1 - GET /diseaseNode/find?disease=2019-nCoV&startDate=&endDate=&location=China HTTP/1.1 500 119 - 2.043 ms
::1 - GET /diseaseNode/find?disease=2019-nCoV&startDate=123&endDate=&location=China HTTP/1.1 500 119 - 1.980 ms
::1 - GET /diseaseNode/find?disease=2019-nCoV&startDate=123&location=China HTTP/1.1 500 119 - 0.867 ms
::1 - GET /diseaseNode/find?disease=2019-nCoV&endDate=&location=China HTTP/1.1 200 117 - 0.401 ms
::1 - GET /diseaseNode/find?disease=2019-nCoV&endDate=123&location=China HTTP/1.1 500 119 - 1.688 ms
::1 - GET /diseaseNode/find?disease=2019-nCoV&startDate=123&endDate=123&location=China HTTP/1.1 200 208 - 6.489 ms
::1 - GET /diseaseNode/find?disease=2019-nCoV&startDate=123&location=China HTTP/1.1 500 119 - 3.692 ms
::1 - GET /diseaseNode/find?disease=2019-nCoV&startDate=123&location=China HTTP/1.1 500 119 - 6.249 ms
::1 - GET /diseaseNode/find?disease=2019-nCoV&startDate=123&location=China HTTP/1.1 500 119 - 5.328 ms
::1 - GET /diseaseNode/find?disease=2019-nCoV&startDate=123&location=China HTTP/1.1 400 119 - 5.242 ms
::1 - GET /diseaseNode/find?disease=2019-nCoV&startDate=&endDate=123&location=China HTTP/1.1 400 119 - 2.544 ms
::1 - GET /diseaseNode/find?disease=2019-nCoV&endDate=123&location=China HTTP/1.1 400 119 - 2.294 ms
::1 - GET /diseaseNode/find?disease=2019-nCoV&startDate=&endDate=123&location=China HTTP/1.1 400 119 - 0.870 ms
::1 - GET /diseaseNode/find?disease=2019-nCoV&startDate=&endDate=&location=China HTTP/1.1 400 119 - 0.402 ms
::1 - GET /diseaseNode/find?disease=2019-nCoV&startDate=&location=China HTTP/1.1 200 117 - 0.752 ms
::1 - GET /diseaseNode/find?disease=2019-nCoV&endDate=&location=China HTTP/1.1 200 117 - 2.522 ms
::1 - GET /diseaseNode/find?disease=2019-nCoV&endDate=12&location=China HTTP/1.1 400 119 - 1.800 ms
::1 - GET /diseaseNode/find?disease=2019-nCoV&endDate=&location=China HTTP/1.1 200 117 - 6.520 ms
::1 - GET /diseaseNode/find?disease=2019-nCoV&endDate=&location=China HTTP/1.1 200 117 - 5.122 ms
::1 - GET /diseaseNode/find?disease=2019-nCoV&startDate=1/10/2000&endDate=1/10/2020&location=China HTTP/1.1 200 208 - 3.921 ms
::1 - GET /diseaseNode/find?disease=2019-nCoV&startDate=1/10/2020&endDate=1/10/2000&location=China HTTP/1.1 400 119 - 2.707 ms
::1 - GET /diseaseNode/find?disease=2019-nCoV&startDate=1/10/2020&endDate=1/10/2000&location=China HTTP/1.1 400 68 - 4.106 ms
::1 - GET /diseaseNode/find?disease=2019-nCoV&startDate=1/10/2020&location=China HTTP/1.1 400 119 - 2.956 ms
::1 - GET /diseaseNode/find?disease=2019-nCoV&startDate=1/10/2020&endDate=&location=China HTTP/1.1 400 119 - 2.336 ms
::1 - GET /diseaseNode/find?disease=2019-nCoV&startDate=&location=China HTTP/1.1 200 117 - 1.066 ms
::1 - GET /diseaseNode/find?disease=2019-nCoV&startDate=123&location=China HTTP/1.1 400 119 - 3.449 ms
::1 - GET /diseaseNode/find?disease=2019-nCoV&endDate=123&location=China HTTP/1.1 400 119 - 0.431 ms
::1 - GET /diseaseNode/find?disease=2019-nCoV&startDate=1/10/2000&endDate=1/10/2025&location=China HTTP/1.1 200 208 - 2.709 ms
::1 - GET /diseaseNode/find?disease=2019-nCoV&startDate=1/10/2000&endDate=1/10/2025&location=China HTTP/1.1 - - - - ms
::1 - GET /diseaseNode/find?disease=2019-nCoV&startDate=1/10/2000&endDate=1/10/2025&location=China HTTP/1.1 200 1205 - 7982.218 ms
::1 - GET /diseaseNode/find?disease=yes&startDate=1/10/2000&endDate=1/10/2025&location=China HTTP/1.1 200 30 - 13.226 ms
::1 - GET /diseaseNode/find?disease=yes&startDate=1/10/2000&endDate=1/10/2025&location= HTTP/1.1 200 30 - 18.012 ms
::1 - GET /diseaseNode/find?disease=yes&startDate=1/10/2000&endDate=1/10/2025 HTTP/1.1 200 30 - 10.654 ms
::1 - POST /diseaseNode/addEntry HTTP/1.1 200 1169 - 43.501 ms
::1 - GET /diseaseNode/find?disease=yes&startDate=1/10/2000&endDate=1/10/2025 HTTP/1.1 200 1199 - 17.550 ms
::1 - GET /diseaseNode/find?disease=yes&startDate=1/10/2000&endDate=1/10/2025&location= HTTP/1.1 200 1199 - 12.175 ms
::1 - GET /diseaseNode/find?disease=yes&startDate=1/10/2000&endDate=1/10/2025&location=China HTTP/1.1 200 1199 - 12.395 ms
::1 - GET /diseaseNode/find?disease=yes&startDate=1/10/2000&endDate=1/10/2025&location=NSW HTTP/1.1 - - - - ms
::1 - GET /diseaseNode/find?disease=yes&startDate=1/10/2000&endDate=1/10/2025&location=NSW HTTP/1.1 200 30 - 214.415 ms
::1 - GET /diseaseNode/find?disease=yes&startDate=1/10/2000&endDate=1/10/2025&location=NSW HTTP/1.1 200 30 - 6106.232 ms
::1 - GET /diseaseNode/find?disease=yes&startDate=1/10/2000&endDate=1/10/2025&location=NSW HTTP/1.1 500 96 - 10031.099 ms
::1 - GET /diseaseNode/find?disease=yes&startDate=1/10/2000&endDate=1/10/2025&location=NSW HTTP/1.1 200 30 - 26.252 ms
::1 - GET /diseaseNode/find?disease=yes&startDate=1/10/2000&endDate=1/10/2025&location=NSW HTTP/1.1 200 30 - 27.492 ms
::1 - GET /diseaseNode/find?disease=yes&startDate=1/10/2000&endDate=1/10/2025&location= HTTP/1.1 200 1199 - 3347.864 ms
::1 - GET /diseaseNode/find?disease=yes&startDate=1/10/2000&endDate=1/10/2025&location= HTTP/1.1 - - - - ms
::1 - GET /diseaseNode/find?disease=yes&startDate=1/10/2000&endDate=1/10/2025&location= HTTP/1.1 200 1301 - 24.284 ms
::1 - GET /disease?disease=yes&startDate=1/10/2000&endDate=1/10/2025&location= HTTP/1.1 200 1311 - 31.559 ms
::1 - GET /disease?disease=yes&startDate=1/10/2000&endDate=1/10/2025&location= HTTP/1.1 200 1311 - 7147.510 ms
::1 - GET /disease?startDate=1/10/2000&endDate=1/10/2025 HTTP/1.1 200 2487 - 6029.613 ms
::1 - GET /disease?startDate=1/10/2000&endDate=1/10/2025 HTTP/1.1 200 2487 - 17.712 ms
::1 - GET /disease?startDate=1/10/2000&endDate=1/10/2025 HTTP/1.1 200 2487 - 22.735 ms
::1 - GET /disease?startDate=1/10/2000&endDate=1/10/2025 HTTP/1.1 200 2487 - 14.789 ms
::1 - GET /disease?startDate=1/10/2000&endDate=1/10/2025 HTTP/1.1 200 2487 - 25.746 ms
::1 - GET /disease?startDate=1/10/2000&endDate=1/10/2025 HTTP/1.1 200 2487 - 7307.929 ms
::1 - GET /disease?startDate=1/10/2000&endDate=1/10/2025 HTTP/1.1 200 211 - 7928.285 ms
::1 - POST /disease/addEntry HTTP/1.1 200 1170 - 68.828 ms
::1 - GET /disease?startDate=1/10/2000&endDate=1/10/2025 HTTP/1.1 200 403 - 4683.947 ms
::1 - GET /disease?startDate=1/10/2000&endDate=1/10/2025 HTTP/1.1 200 3501 - 7512.353 ms
::1 - GET /disease?startDate=1/10/2000&endDate=1/10/2025 HTTP/1.1 200 3658 - 1927.373 ms
::1 - GET /disease?startDate=1/10/2000&endDate=1/10/2025 HTTP/1.1 200 3658 - 7116.729 ms
::1 - GET /disease?startDate=1/10/2000&endDate=1/10/2025 HTTP/1.1 200 3658 - 7559.188 ms
::1 - GET /disease?startDate=1/10/2000&endDate=1/10/2025 HTTP/1.1 200 3658 - 3181.629 ms
::1 - GET /disease?startDate=1/10/2000&endDate=1/10/2025&projection=headline HTTP/1.1 200 403 - 32.737 ms
::1 - GET /disease?startDate=1/10/2000&endDate=1/10/2025&projection=headline&order=headline HTTP/1.1 200 403 - 31.561 ms
::1 - GET /disease?startDate=1/10/2000&endDate=1/10/2025&projection=headline&order= HTTP/1.1 200 403 - 17.538 ms
::1 - GET /disease?startDate=1/10/2000&endDate=1/10/2025&projection=&order=headline HTTP/1.1 200 3658 - 26.887 ms
::1 - GET /disease?startDate=1/10/2000&endDate=1/10/2025&order=headline HTTP/1.1 200 3658 - 20.290 ms
::1 - GET /disease?startDate=1/10/2000&endDate=1/10/2025&projection= HTTP/1.1 200 3658 - 15.751 ms
::1 - POST /auth HTTP/1.1 404 144 - 17.328 ms
::1 - POST /users HTTP/1.1 200 106 - 43.830 ms
::1 - GET /users HTTP/1.1 200 5123 - 35.520 ms
::1 - POST /auth/register?name=mk&email=kheir.mirza@gmail.com&password=mkmkmk HTTP/1.1 500 2453 - 5.068 ms
::1 - POST /auth/register HTTP/1.1 500 2453 - 1.726 ms
::1 - POST /auth/register HTTP/1.1 500 2453 - 0.791 ms
::1 - POST /auth/register HTTP/1.1 200 195 - 83.598 ms
::1 - POST /auth/me HTTP/1.1 404 147 - 2.040 ms
::1 - GET /auth/me HTTP/1.1 200 86 - 23.131 ms
::1 - GET /disease?disease=yes&projection= HTTP/1.1 403 45 - 1.371 ms
::1 - GET /disease?disease=yes&projection= HTTP/1.1 200 64545 - 92.020 ms
::1 - GET /disease?disease=yes&projection= HTTP/1.1 500 56 - 2.438 ms
::1 - GET /disease?disease=yes&projection= HTTP/1.1 403 45 - 10.308 ms
::1 - POST /disease/addEntry HTTP/1.1 200 1170 - 6960.235 ms
::1 - GET /disease/?location=China HTTP/1.1 403 45 - 1.954 ms
::1 - GET /disease/?disease=2019-nCoV HTTP/1.1 403 45 - 0.607 ms
::1 - GET /disease/?startDate=2020-01-17%2011:12:12&endDate=2021-01-17%2000:00:00 HTTP/1.1 403 45 - 0.179 ms
::1 - GET /disease/?startDate=2020-01-17%2011:12:12&endDate=2019-01-17%2011:12:12 HTTP/1.1 403 45 - 0.212 ms
::1 - GET /disease/?startDate=&endDate=2019-01-17%2011:12:12 HTTP/1.1 403 45 - 0.155 ms
::1 - GET /disease/?startDate=2019-01-17%2011:12:12&endDate= HTTP/1.1 403 45 - 0.225 ms
::1 - GET /disease/?startDate=&endDate= HTTP/1.1 403 45 - 0.157 ms
::1 - GET /disease/?startDate=2021-02-17T00:12:12.000Z&endDate=2020-01-17T00:12:12.000Z HTTP/1.1 403 45 - 0.155 ms
::1 - POST /auth/register HTTP/1.1 200 195 - 59.955 ms
::1 - POST /auth/register HTTP/1.1 500 2422 - 2.648 ms
::1 - POST /auth/login HTTP/1.1 200 195 - 32.520 ms
::1 - POST /auth/login HTTP/1.1 401 27 - 25.947 ms
::1 - GET /auth/me HTTP/1.1 200 83 - 26.035 ms
::1 - GET /auth/me HTTP/1.1 500 56 - 0.458 ms
::1 - GET /disease?disease=yes HTTP/1.1 500 54 - 32.263 ms
::1 - GET /disease?disease=yes HTTP/1.1 200 1312 - 7031.428 ms
::1 - GET /disease?disease=bruh HTTP/1.1 200 142 - 15.838 ms
::1 - GET /disease?disease=bruh HTTP/1.1 404 57 - 9642.282 ms
::1 - GET /disease?disease=bruh HTTP/1.1 500 96 - 10021.282 ms
::1 - GET /disease?disease=bruh HTTP/1.1 204 - - 27.272 ms
::1 - GET /disease?disease=bruh HTTP/1.1 204 - - 13.913 ms
::1 - GET /disease?disease=bruh HTTP/1.1 - - - - ms
::1 - GET /disease?disease=bruh HTTP/1.1 404 91 - 3876.189 ms
::1 - GET /disease/?location=mmm HTTP/1.1 403 45 - 3.020 ms
::1 - GET /disease/?location=mmm HTTP/1.1 404 91 - 24.567 ms
::1 - GET /disease/?location=China HTTP/1.1 404 91 - 34.513 ms
::1 - GET /disease/?location=China HTTP/1.1 404 91 - 13.021 ms
::1 - GET /disease/?location=China HTTP/1.1 404 91 - 19.613 ms
::1 - GET /disease/?location=China HTTP/1.1 404 91 - 14.375 ms
::1 - GET /disease/?location=China HTTP/1.1 404 91 - 19.717 ms
::1 - GET /disease/?location=China HTTP/1.1 404 91 - 19.803 ms
::1 - GET /disease/?location=China HTTP/1.1 404 91 - 11.325 ms
::1 - GET /disease/?location=China HTTP/1.1 404 91 - 10.827 ms
::1 - GET /disease/?location=China HTTP/1.1 404 91 - 11.570 ms
::1 - GET /disease/?location=China HTTP/1.1 404 91 - 10.547 ms
::1 - GET /disease/?location=China HTTP/1.1 404 91 - 19.789 ms
::1 - GET /disease/?location=China HTTP/1.1 404 91 - 10.973 ms
::1 - GET /disease/?location=China HTTP/1.1 404 91 - 17.287 ms
::1 - GET /disease/?location=China HTTP/1.1 404 91 - 10.944 ms
::1 - GET /disease/?location=China HTTP/1.1 404 91 - 22.481 ms
::1 - GET /disease/?location=China HTTP/1.1 404 91 - 20.195 ms
::1 - GET /disease/?location=China HTTP/1.1 404 91 - 16.692 ms
::1 - GET /disease/?location=China HTTP/1.1 404 91 - 10.934 ms
::1 - GET /disease/?location=China HTTP/1.1 404 91 - 20.236 ms
::1 - GET /disease/?location=China HTTP/1.1 404 91 - 10.176 ms
::1 - GET /disease/?location=China HTTP/1.1 404 91 - 20.290 ms
::1 - GET /disease/?location=China HTTP/1.1 404 91 - 10.222 ms
::1 - GET /disease/?location=China HTTP/1.1 404 91 - 33.101 ms
::1 - GET /disease/?location=China HTTP/1.1 404 91 - 12.498 ms
::1 - GET /disease/?location=China HTTP/1.1 404 91 - 14.546 ms
::1 - GET /disease/?location=Chi HTTP/1.1 404 91 - 9.470 ms
::1 - GET /disease/?location=China HTTP/1.1 404 91 - 11.896 ms
::1 - GET /disease/?location=China HTTP/1.1 500 56 - 0.723 ms
::1 - POST /auth/register HTTP/1.1 200 195 - 79.460 ms
::1 - GET /disease/?location=China HTTP/1.1 404 91 - 11.228 ms
::1 - GET /disease/?location=China HTTP/1.1 200 1312 - 44.316 ms
::1 - GET /disease/?location=balala HTTP/1.1 200 142 - 34.669 ms
::1 - GET /disease/?location=balala HTTP/1.1 200 142 - 31.054 ms
::1 - GET /disease/?location=balala HTTP/1.1 200 142 - 31.619 ms
::1 - GET /disease/?location=balala HTTP/1.1 200 142 - 39.362 ms
::1 - GET /disease/?location=balala HTTP/1.1 200 142 - 51.081 ms
::1 - GET /disease/?location=China HTTP/1.1 200 1312 - 48.820 ms
::1 - GET /disease/?location=Chin HTTP/1.1 200 142 - 32.750 ms
::1 - GET /disease/?location=Chin HTTP/1.1 200 142 - 31.579 ms
::1 - GET /disease/?location=Chin HTTP/1.1 200 142 - 31.954 ms
::1 - GET /disease/?location=Chin HTTP/1.1 200 142 - 36.677 ms
::1 - GET /disease/?location=Chin HTTP/1.1 200 142 - 30.890 ms
::1 - GET /disease/?location=China HTTP/1.1 200 1312 - 33.911 ms
::1 - GET /disease/?location=China HTTP/1.1 200 1312 - 59.121 ms
::1 - GET /disease/?location=Chin HTTP/1.1 200 142 - 32.419 ms
::1 - GET /disease/?location=Chin HTTP/1.1 200 142 - 50.882 ms
::1 - GET /disease/?location=Chin HTTP/1.1 200 142 - 34.491 ms
::1 - GET /disease/?location=China HTTP/1.1 200 1312 - 44.079 ms
::1 - GET /disease/?location=Chin HTTP/1.1 200 142 - 32.486 ms
::1 - GET /disease/?location=Chin HTTP/1.1 404 91 - 50.360 ms
::1 - GET /disease/?location=Chin HTTP/1.1 404 91 - 46.829 ms
::1 - GET /disease/?location=China HTTP/1.1 404 91 - 49.937 ms
::1 - GET /disease/?location=China HTTP/1.1 200 1312 - 57.370 ms
::1 - GET /disease/?location=Chin HTTP/1.1 404 91 - 31.393 ms
::1 - GET /disease/?location=Chin HTTP/1.1 404 91 - 32.601 ms
::1 - GET /disease/?location=China HTTP/1.1 200 1312 - 35.586 ms
::1 - GET /disease?disease=China HTTP/1.1 404 91 - 30.013 ms
::1 - GET /disease?disease=Yes HTTP/1.1 404 91 - 14.768 ms
::1 - GET /disease?diseases=yes%20 HTTP/1.1 404 91 - 33.917 ms
::1 - GET /disease?diseases=yes%20 HTTP/1.1 404 91 - 3052.964 ms
::1 - GET /disease?diseases=yes%20 HTTP/1.1 200 1312 - 9499.673 ms
::1 - GET /disease?diseases=yes%20 HTTP/1.1 404 91 - 8824.656 ms
::1 - GET /disease?diseases=yes%20 HTTP/1.1 404 91 - 43.867 ms
::1 - GET /disease?diseases=yes%20 HTTP/1.1 200 1312 - 4926.461 ms
::1 - GET / HTTP/1.1 404 139 - 4.370 ms
::1 - GET /?disease=yes HTTP/1.1 404 139 - 3.173 ms
::1 - GET /?disease=yes HTTP/1.1 404 139 - 1.823 ms
::1 - GET /?disease=yes HTTP/1.1 404 139 - 0.575 ms
::1 - GET /?disease=yes HTTP/1.1 404 139 - 0.610 ms
::1 - GET /?disease=yes HTTP/1.1 404 139 - 0.394 ms
::1 - GET /?disease=yes HTTP/1.1 404 139 - 0.525 ms
::1 - GET /?disease=yes HTTP/1.1 404 139 - 5.160 ms
::1 - GET /?disease=yes HTTP/1.1 404 139 - 3.592 ms
::1 - GET /?disease=yes HTTP/1.1 404 139 - 1.638 ms
::1 - GET /?disease= HTTP/1.1 404 139 - 0.367 ms
::1 - GET /?disease=yes HTTP/1.1 404 139 - 0.641 ms
::1 - GET /?disease=yes HTTP/1.1 404 139 - 0.411 ms
::1 - GET /?location=China HTTP/1.1 404 139 - 0.406 ms
::1 - GET /?location=China HTTP/1.1 404 139 - 1.993 ms
::1 - POST /auth/login HTTP/1.1 200 195 - 85.583 ms
::1 - GET /?location=China HTTP/1.1 404 139 - 3.911 ms
::1 - GET /?location=China HTTP/1.1 404 139 - 3.720 ms
::1 - GET /?location=China HTTP/1.1 404 139 - 2.440 ms
::1 - POST /auth/login HTTP/1.1 200 195 - 9123.534 ms
::1 - GET /disease?location=China HTTP/1.1 200 1312 - 34.707 ms
::1 - GET /disease?location=Wuhan,%20Hubei%20Province HTTP/1.1 200 1312 - 22.901 ms
::1 - GET /disease?location=wtf HTTP/1.1 200 142 - 11.449 ms
::1 - GET /disease?location=wtf HTTP/1.1 200 142 - 7702.706 ms
::1 - GET /disease?location=wtf HTTP/1.1 200 142 - 27.642 ms
::1 - GET /disease?location=wtf HTTP/1.1 200 142 - 34.994 ms
::1 - GET /disease?disease=yes&location=wtf HTTP/1.1 200 142 - 24.193 ms
::1 - GET /disease?disease=bruh HTTP/1.1 200 142 - 13.130 ms
::1 - GET /disease?disease=bruh HTTP/1.1 200 142 - 5311.527 ms
::1 - GET /disease?disease=bruh HTTP/1.1 - - - - ms
::1 - GET /disease?disease=bruh HTTP/1.1 200 142 - 641.735 ms
::1 - GET /disease?disease=bruh HTTP/1.1 500 50 - 7554.959 ms
::1 - GET /disease?disease=bruh HTTP/1.1 - - - - ms
::1 - GET /disease?disease=bruh HTTP/1.1 404 91 - 466.304 ms
::1 - GET /disease?location=wtf HTTP/1.1 404 91 - 14.911 ms
::1 - GET /disease?location=China HTTP/1.1 200 1312 - 27.582 ms
::1 - GET /disease?disease=yes&location=China HTTP/1.1 200 1312 - 13.597 ms
::1 - GET /disease?disease=yes HTTP/1.1 200 1312 - 14.284 ms
::1 - GET /disease?disease=yes HTTP/1.1 - - - - ms
::1 - GET /disease?disease=yes HTTP/1.1 200 1312 - 2005.859 ms
::1 - GET /disease?disease=bruh HTTP/1.1 404 91 - 18.229 ms
::1 - GET /disease/?location=Balalala HTTP/1.1 404 91 - 47.162 ms
::1 - GET /disease/?location=China HTTP/1.1 200 1312 - 55.742 ms
::1 - GET /disease/?loca=China HTTP/1.1 200 1312 - 79.508 ms
::1 - GET /disease/?loca=China HTTP/1.1 200 1312 - 33.699 ms
::1 - GET /disease/?loca=Chi HTTP/1.1 200 1312 - 33.052 ms
::1 - GET /disease/?loca=Chi HTTP/1.1 200 1312 - 33.280 ms
::1 - GET /disease/?loca=Chi HTTP/1.1 200 1312 - 33.867 ms
::1 - GET /disease/?loca=Chi HTTP/1.1 200 1312 - 34.005 ms
::1 - GET /disease/?loca=Chi HTTP/1.1 200 1312 - 35.071 ms
::1 - GET /disease/?loca=Chi HTTP/1.1 200 1312 - 38.387 ms
::1 - GET /disease/?loca=Chi HTTP/1.1 200 1312 - 34.511 ms
::1 - GET /disease/?location=Chi HTTP/1.1 404 91 - 32.499 ms
::1 - GET /disease/?loca=Chi HTTP/1.1 200 1312 - 32.976 ms
::1 - GET /disease/?balalala HTTP/1.1 200 1312 - 33.264 ms
::1 - GET /disease/?balalala HTTP/1.1 403 45 - 0.234 ms
::1 - GET /disease/?balalala HTTP/1.1 200 1312 - 32.818 ms
::1 - GET /disease/?disease=2019-nCoV HTTP/1.1 404 91 - 48.900 ms
::1 - GET /disease/?disease=yes HTTP/1.1 200 1312 - 56.453 ms
::1 - GET /disease/?disease=yno HTTP/1.1 404 91 - 49.580 ms
::1 - GET /disease/?disease=yes&disease=nooo HTTP/1.1 404 91 - 47.227 ms
::1 - GET /disease/?disease=yes&disease=nooo HTTP/1.1 500 56 - 3.229 ms
::1 - GET /disease/?startDate=2020-01-17%2011:12:12&endDate=2019-01-17%2011:12:12 HTTP/1.1 403 45 - 2.287 ms
::1 - GET /disease/?startDate=2020-01-17%2011:12:12&endDate=2019-01-17%2011:12:12 HTTP/1.1 400 68 - 3.075 ms
::1 - GET /disease/?endDate=2019-01-17%2011:12:12&startDate=2020-01-1711:12:12 HTTP/1.1 400 68 - 4.182 ms
::1 - GET /disease/?startDate=&endDate=2019-01-17%2011:12:12%22 HTTP/1.1 400 119 - 1.304 ms
::1 - GET /disease/?startDate=2020-01-17%2011:12:12&endDate=2019-01-17%2011:12:12 HTTP/1.1 400 68 - 4.538 ms
::1 - GET /disease/?startDate=1972-01-17%2011:12:12&endDate=1972-01-17%2011:12:12 HTTP/1.1 404 91 - 22.487 ms
::1 - POST /auth/register HTTP/1.1 200 195 - 91.365 ms
::1 - POST /auth/register HTTP/1.1 500 2198 - 15.139 ms
::1 - POST /auth/login HTTP/1.1 200 195 - 68.130 ms
::1 - GET /disease/?location=China HTTP/1.1 200 1312 - 30.776 ms
::1 - GET /disease/?location=China HTTP/1.1 403 45 - 0.429 ms
::1 - POST /auth/register HTTP/1.1 500 2198 - 14.542 ms
::1 - POST /auth/register HTTP/1.1 200 195 - 70.587 ms
::1 - GET /disease/?location=China HTTP/1.1 403 45 - 5.405 ms
::1 - GET /disease/?location=China HTTP/1.1 200 1312 - 33.326 ms
::1 - GET /disease/?location=China HTTP/1.1 403 45 - 0.444 ms
::1 - GET /disease/?location=China HTTP/1.1 403 45 - 0.555 ms
::1 - POST /auth/register HTTP/1.1 500 2198 - 17.513 ms
::1 - POST /auth/login HTTP/1.1 200 195 - 71.474 ms
::1 - POST /auth/login HTTP/1.1 401 27 - 44.258 ms
::1 - POST /auth/login HTTP/1.1 200 195 - 48.842 ms
::1 - POST /auth/login HTTP/1.1 200 195 - 62.755 ms
::1 - POST /auth/login HTTP/1.1 401 27 - 42.153 ms
::1 - POST /auth/login HTTP/1.1 200 195 - 82.689 ms
::1 - POST /auth/login HTTP/1.1 200 195 - 53.525 ms
::1 - POST /auth/register HTTP/1.1 500 2198 - 17.948 ms
::1 - POST /auth/register HTTP/1.1 200 195 - 72.997 ms
::1 - POST /auth/register HTTP/1.1 200 195 - 51.568 ms
::1 - POST /auth/register HTTP/1.1 200 195 - 45.658 ms
::1 - POST /auth/register HTTP/1.1 200 195 - 45.157 ms
::1 - GET /auth/me HTTP/1.1 404 14 - 22.710 ms
::1 - GET /auth/me HTTP/1.1 500 56 - 0.877 ms
::1 - POST /auth/login HTTP/1.1 200 195 - 76.803 ms
::1 - GET /auth/me HTTP/1.1 500 56 - 0.371 ms
::1 - GET /auth/me HTTP/1.1 500 56 - 0.551 ms
::1 - POST /auth/register HTTP/1.1 200 195 - 57.167 ms
::1 - GET /auth/me HTTP/1.1 200 83 - 9.678 ms
::1 - GET /auth/me HTTP/1.1 500 56 - 3.250 ms
::1 - POST /auth/login HTTP/1.1 200 195 - 71.071 ms
::1 - GET /disease?disease=yes HTTP/1.1 500 74 - 34.082 ms
::1 - GET /disease?disease=yes HTTP/1.1 200 1328 - 7353.426 ms
::1 - GET /disease?location=China HTTP/1.1 500 56 - 7.134 ms
::1 - GET /disease?location=China HTTP/1.1 200 1328 - 48.322 ms
::1 - GET /disease?location=Taipei HTTP/1.1 404 91 - 16.587 ms
::1 - GET /disease?location=Taipei HTTP/1.1 404 91 - 8702.796 ms
::1 - GET /disease?disease=Salmonella HTTP/1.1 200 522 - 121.285 ms
::1 - GET /disease?location=Utah HTTP/1.1 404 91 - 20.128 ms
::1 - GET /disease?location=Utah HTTP/1.1 404 91 - 19.615 ms
::1 - GET /disease?location=United%20States HTTP/1.1 404 91 - 11.655 ms
::1 - GET /disease?location=United%20States HTTP/1.1 404 91 - 11.505 ms
::1 - GET /disease?disease=Salmonella HTTP/1.1 200 522 - 12.678 ms
::1 - GET /disease?location=United%20States HTTP/1.1 404 91 - 11.806 ms
::1 - GET /disease?location=Utah HTTP/1.1 404 91 - 18.243 ms
::1 - GET /disease?location=Utah&disease=Salmonella HTTP/1.1 404 91 - 9.126 ms
::1 - GET /disease?disease=Salmonella HTTP/1.1 200 15707 - 46.402 ms
::1 - GET /disease?location=Utah HTTP/1.1 404 91 - 14.698 ms
::1 - GET /disease?location=Utah HTTP/1.1 404 91 - 15.352 ms
::1 - GET /disease?location=Utah HTTP/1.1 404 91 - 9.864 ms
::1 - GET /disease?location=Utah HTTP/1.1 200 522 - 33.270 ms
::1 - GET /disease?location=Norway HTTP/1.1 200 10824 - 31.743 ms
